<?xml version="1.0" encoding="UTF-8"?>
<!-- Generated by org.testng.reporters.JUnitReportReporter -->
<testsuite hostname="vishalkharwade" failures="0" tests="1" name="module1.FacebookLoginTestNg" time="0.901" errors="0" timestamp="2023-01-06T11:12:08 IST" skipped="0">
  <testcase classname="module1.FacebookLoginTestNg" name="vaarifyuser" time="0.901"/>
  <system-out/>
</testsuite> <!-- module1.FacebookLoginTestNg -->
